16:34:10.710 [main                     ] DEBUG Logger               - Configured Logger
16:34:10.732 [main                     ] DEBUG GameApplication      - Logging settings
Title: Untitled
Version: 0.0
Width: 800
Height: 800
Fullscreen: false
Intro: false
Profiling: false
Single step:false
App Mode: DEVELOPER
Menu Key: ESCAPE
Stage Style: DECORATED
Scene Factory: class com.almasb.fxgl.app.scene.SceneFactory

16:34:11.162 [JavaFX Application Thread] DEBUG FXGLApplication      - Initializing FXGL
16:34:11.167 [JavaFX Application Thread] INFO  Engine               - FXGL-17.3 (30.03.2023 11.54) on WINDOWS (J:19.0.2 FX:20)
16:34:11.168 [JavaFX Application Thread] DEBUG Engine               - JRE Vendor Name: Oracle Corporation
16:34:11.168 [JavaFX Application Thread] DEBUG Engine               - Running on OS: Windows 10 version 10.0
16:34:11.168 [JavaFX Application Thread] DEBUG Engine               - Architecture: amd64
16:34:11.168 [JavaFX Application Thread] INFO  Engine               - Source code and latest versions at: https://github.com/AlmasB/FXGL
16:34:11.169 [JavaFX Application Thread] INFO  Engine               -       Ask questions and discuss at: https://github.com/AlmasB/FXGL/discussions
16:34:11.169 [JavaFX Application Thread] INFO  Engine               -              Join the FXGL chat at: https://gitter.im/AlmasB/FXGL
16:34:11.284 [JavaFX Application Thread] DEBUG PrimaryStageWindow   - Creating a JavaFX scene
16:34:11.329 [JavaFX Application Thread] DEBUG PrimaryStageWindow   - Target settings size: 800.0 x 800.0
16:34:11.329 [JavaFX Application Thread] DEBUG PrimaryStageWindow   - Scaled scene size:    800.0 x 800.0
16:34:11.329 [JavaFX Application Thread] DEBUG PrimaryStageWindow   - Scaled ratio: (1.0, 1.0)
16:34:11.331 [JavaFX Application Thread] DEBUG PrimaryStageWindow   - Set initial scene to FXGLStartupScene
16:34:11.334 [JavaFX Application Thread] DEBUG PrimaryStageWindow   - Opening main window
16:34:11.415 [JavaFX Application Thread] DEBUG PrimaryStageWindow   - Window border size: (16.0, 39.0)
16:34:11.415 [JavaFX Application Thread] DEBUG PrimaryStageWindow   - Scaled size: 800.0 x 800.0
16:34:11.416 [JavaFX Application Thread] DEBUG PrimaryStageWindow   - Scaled ratio: (1.0, 1.0)
16:34:11.416 [JavaFX Application Thread] DEBUG PrimaryStageWindow   - Scene size: 800.0 x 800.0
16:34:11.416 [JavaFX Application Thread] DEBUG PrimaryStageWindow   - Stage size: 816.0 x 839.0
16:34:11.423 [FXGL Background Thread 1 ] DEBUG Engine               - Initializing environment variables
16:34:11.479 [FXGL Background Thread 1 ] DEBUG FXGLAssetLoaderServi - User app class for loading assets: class App
16:34:11.479 [FXGL Background Thread 1 ] DEBUG GameApplicationServi - Applying CSS: fxgl_dark.css
16:34:11.480 [FXGL Background Thread 1 ] DEBUG FXGLAssetLoaderServi - Loading from file system: jar:file:/D:/Downloads/fxgl-17.3-uber.jar!/fxglassets/ui/css/fxgl_dark.css
16:34:11.519 [FXGL Background Thread 1 ] DEBUG GameApplicationServi - Initializing application scenes
16:34:11.559 [FXGL Background Thread 1 ] DEBUG GameWorld            - Game world initialized
16:34:11.621 [FXGL Background Thread 1 ] DEBUG PhysicsWorld         - Physics world initialized: appHeight=800, physics.ppm=50.0
16:34:11.622 [FXGL Background Thread 1 ] DEBUG PhysicsWorld         - Using strategy: BRUTE_FORCE
16:34:11.625 [FXGL Background Thread 1 ] DEBUG GameScene            - Game scene initialized: 800x800
16:34:11.641 [FXGL Background Thread 1 ] DEBUG FXGL.DefaultMenu     - createMenuBodyGameMenu()
16:34:11.657 [FXGL Background Thread 1 ] DEBUG FXGL.DefaultMenu     - createOptionsMenu()
16:34:11.666 [FXGL Background Thread 1 ] DEBUG FXGLAssetLoaderServi - Loading from file system: jar:file:/D:/Downloads/fxgl-17.3-uber.jar!/fxglassets/textures/particles/smoke.png
16:34:11.759 [FXGL Background Thread 1 ] DEBUG FXGLAssetLoaderServi - Loading from file system: jar:file:/D:/Downloads/fxgl-17.3-uber.jar!/fxglassets/textures/particles/trace_horizontal.png
16:34:11.781 [FXGL Background Thread 1 ] DEBUG GameApplicationServi - Application scenes initialized
16:34:11.792 [FXGL Background Thread 1 ] DEBUG SystemBundleService  - Loading FXGL system data
16:34:11.796 [FXGL Background Thread 1 ] DEBUG FileSystemAccess     - Reading from: Z:\squareGame\system\fxgl.bundle
16:34:11.804 [FXGL Background Thread 1 ] DEBUG SystemBundleService  - Bundle FXGL: {}
16:34:11.804 [FXGL Background Thread 1 ] DEBUG UpdaterService       - Checking for updates
16:34:11.808 [FXGL Background Thread 4 ] DEBUG FXGLApplication      - Loading fonts
16:34:11.808 [FXGL Background Thread 4 ] DEBUG FXGLAssetLoaderServi - Loading from file system: jar:file:/D:/Downloads/fxgl-17.3-uber.jar!/fxglassets/ui/fonts/VarelaRound-Regular.ttf
16:34:11.809 [FXGL Background Thread 1 ] DEBUG FXGLApplication      - Loading default localization
16:34:11.810 [FXGL Background Thread 1 ] DEBUG FXGLAssetLoaderServi - Loading from file system: jar:file:/D:/Downloads/fxgl-17.3-uber.jar!/fxglassets/languages/english.lang
16:34:11.838 [FXGL Background Thread 1 ] INFO  FXGLApplication      - FXGL initialization took: 0.416 sec
16:34:11.853 [FXGL Background Thread 4 ] DEBUG FXGLAssetLoaderServi - Loading from file system: jar:file:/D:/Downloads/fxgl-17.3-uber.jar!/fxglassets/ui/fonts/Abel-Regular.ttf
16:34:11.855 [JavaFX Application Thread] DEBUG Input                - Registered new binding: action0 - D
16:34:11.855 [JavaFX Application Thread] DEBUG Input                - Registered new binding: action1 - A
16:34:11.856 [JavaFX Application Thread] DEBUG Input                - Registered new binding: action2 - W
16:34:11.856 [JavaFX Application Thread] DEBUG Input                - Registered new binding: action3 - S
16:34:11.857 [JavaFX Application Thread] DEBUG FXGLAssetLoaderServi - Loading from file system: jar:file:/D:/Downloads/fxgl-17.3-uber.jar!/fxglassets/textures/fxgl_icon.png
16:34:11.858 [FXGL Background Thread 4 ] DEBUG FXGLAssetLoaderServi - Loading from file system: jar:file:/D:/Downloads/fxgl-17.3-uber.jar!/fxglassets/ui/fonts/TerminalLandMono-Regular.otf
16:34:11.863 [FXGL Background Thread 4 ] DEBUG FXGLAssetLoaderServi - Loading from file system: jar:file:/D:/Downloads/fxgl-17.3-uber.jar!/fxglassets/ui/fonts/Courier-Prime.ttf
16:34:11.880 [JavaFX Application Thread] DEBUG FXGLAssetLoaderServi - Loading from file system: jar:file:/D:/Downloads/fxgl-17.3-uber.jar!/fxglassets/textures/fxgl_default_cursor.png
16:34:11.882 [JavaFX Application Thread] DEBUG Input                - Registered new binding: Screenshot - CTRL+8
16:34:11.883 [JavaFX Application Thread] DEBUG Input                - Registered new binding: System info dump - CTRL+9
16:34:11.883 [JavaFX Application Thread] DEBUG Input                - Registered new binding: Restart - CTRL+R
16:34:11.884 [JavaFX Application Thread] DEBUG Input                - Registered new binding: Toggle Debug Camera - CTRL+7
16:34:11.888 [JavaFX Application Thread] DEBUG LoopRunner           - Starting loop
16:34:11.888 [JavaFX Application Thread] DEBUG LoopRunner           - Initializing JavaFX AnimationTimerLoop
16:34:11.891 [JavaFX Application Thread] DEBUG GameApplicationServi - Starting new game
16:34:11.891 [JavaFX Application Thread] DEBUG Input                - Clearing active input actions
16:34:11.902 [JavaFX Application Thread] DEBUG GameApplicationServi - Removing overlay from FXGLStartupScene and adding to FXGLLoadingScene
16:34:11.902 [JavaFX Application Thread] DEBUG PrimaryStageWindow   - FXGLStartupScene -> FXGLLoadingScene
16:34:11.902 [JavaFX Application Thread] DEBUG GameApplicationServi - Clearing previous game
16:34:11.902 [JavaFX Application Thread] DEBUG GameScene            - Clearing game scene
16:34:11.902 [JavaFX Application Thread] DEBUG GameWorld            - Clearing game world
16:34:11.902 [JavaFX Application Thread] DEBUG PhysicsWorld         - Clearing physics world
16:34:11.904 [JavaFX Application Thread] DEBUG FXGLApplication      - Registering font factories with UI factory
16:34:11.904 [FXGL Background Thread 4 ] DEBUG FXGLApplication      - Initializing game
16:34:11.949 [FXGL Background Thread 4 ] INFO  FXGLApplication      - Game initialization took: 0.044 sec
16:34:11.966 [JavaFX Application Thread] DEBUG Input                - Clearing active input actions
16:34:11.976 [JavaFX Application Thread] DEBUG GameApplicationServi - Removing overlay from FXGLLoadingScene and adding to GameScene
16:34:11.977 [JavaFX Application Thread] DEBUG PrimaryStageWindow   - FXGLLoadingScene -> GameScene
16:34:14.809 [FXGL Background Thread 3 ] DEBUG Engine               - Logging environment variables
16:34:14.811 [FXGL Background Thread 3 ] DEBUG Engine               - achievements: []
16:34:14.811 [FXGL Background Thread 3 ] DEBUG Engine               - actualHeight: 800.0
16:34:14.812 [FXGL Background Thread 3 ] DEBUG Engine               - actualHeightProperty: ReadOnlyDoubleProperty [value: 800.0]
16:34:14.812 [FXGL Background Thread 3 ] DEBUG Engine               - actualWidth: 800.0
16:34:14.813 [FXGL Background Thread 3 ] DEBUG Engine               - actualWidthProperty: ReadOnlyDoubleProperty [value: 800.0]
16:34:14.813 [FXGL Background Thread 3 ] DEBUG Engine               - appIcon: fxgl_icon.png
16:34:14.813 [FXGL Background Thread 3 ] DEBUG Engine               - applicationMode: DEVELOPER
16:34:14.814 [FXGL Background Thread 3 ] DEBUG Engine               - cSSList: [fxgl_dark.css]
16:34:14.814 [FXGL Background Thread 3 ] DEBUG Engine               - collisionDetectionStrategy: BRUTE_FORCE
16:34:14.814 [FXGL Background Thread 3 ] DEBUG Engine               - configClass: Optional.empty
16:34:14.814 [FXGL Background Thread 3 ] DEBUG Engine               - credits: []
16:34:14.816 [FXGL Background Thread 3 ] DEBUG Engine               - defaultCursor: CursorInfo(imageName=fxgl_default_cursor.png, hotspotX=7.0, hotspotY=6.0)
16:34:14.816 [FXGL Background Thread 3 ] DEBUG Engine               - devBBoxColorProperty: ObjectProperty [value: 0xff0000ff]
16:34:14.817 [FXGL Background Thread 3 ] DEBUG Engine               - devEnableDebugCameraProperty: BooleanProperty [value: false]
16:34:14.817 [FXGL Background Thread 3 ] DEBUG Engine               - devSensorColorProperty: ObjectProperty [value: 0xffff00ff]
16:34:14.817 [FXGL Background Thread 3 ] DEBUG Engine               - devShowBBoxProperty: BooleanProperty [value: false]
16:34:14.817 [FXGL Background Thread 3 ] DEBUG Engine               - devShowPositionProperty: BooleanProperty [value: false]
16:34:14.817 [FXGL Background Thread 3 ] DEBUG Engine               - enabledMenuItems: []
16:34:14.818 [FXGL Background Thread 3 ] DEBUG Engine               - engineServices: [class com.almasb.fxgl.app.services.FXGLAssetLoaderService, class com.almasb.fxgl.app.FXGLApplication$GameApplicationService, class com.almasb.fxgl.app.services.FXGLDialogService, class com.almasb.fxgl.app.services.IOTaskExecutorService, class com.almasb.fxgl.io.FileSystemService, class com.almasb.fxgl.localization.LocalizationService, class com.almasb.fxgl.app.services.SystemBundleService, class com.almasb.fxgl.profile.SaveLoadService, class com.almasb.fxgl.ui.FXGLUIFactoryServiceProvider, class com.almasb.fxgl.ui.FXGLDialogFactoryServiceProvider, class com.almasb.fxgl.audio.AudioPlayer, class com.almasb.fxgl.notification.impl.NotificationServiceProvider, class com.almasb.fxgl.achievement.AchievementService, class com.almasb.fxgl.cutscene.CutsceneService, class com.almasb.fxgl.minigames.MiniGameService, class com.almasb.fxgl.net.NetService, class com.almasb.fxgl.app.services.UpdaterService, class com.almasb.fxgl.dev.DevService]
16:34:14.818 [FXGL Background Thread 3 ] DEBUG Engine               - fontGame: Abel-Regular.ttf
16:34:14.818 [FXGL Background Thread 3 ] DEBUG Engine               - fontMono: TerminalLandMono-Regular.otf
16:34:14.818 [FXGL Background Thread 3 ] DEBUG Engine               - fontSizeScaleUI: 1.0
16:34:14.819 [FXGL Background Thread 3 ] DEBUG Engine               - fontText: Courier-Prime.ttf
16:34:14.819 [FXGL Background Thread 3 ] DEBUG Engine               - fontUI: VarelaRound-Regular.ttf
16:34:14.819 [FXGL Background Thread 3 ] DEBUG Engine               - fullScreen: BooleanProperty [value: false]
16:34:14.819 [FXGL Background Thread 3 ] DEBUG Engine               - gameDifficulty: MEDIUM
16:34:14.820 [FXGL Background Thread 3 ] DEBUG Engine               - gameDifficultyProperty: ObjectProperty [value: MEDIUM]
16:34:14.820 [FXGL Background Thread 3 ] DEBUG Engine               - globalMusicVolume: 0.5
16:34:14.820 [FXGL Background Thread 3 ] DEBUG Engine               - globalMusicVolumeProperty: DoubleProperty [value: 0.5]
16:34:14.820 [FXGL Background Thread 3 ] DEBUG Engine               - globalSoundVolume: 0.5
16:34:14.821 [FXGL Background Thread 3 ] DEBUG Engine               - globalSoundVolumeProperty: DoubleProperty [value: 0.5]
16:34:14.821 [FXGL Background Thread 3 ] DEBUG Engine               - height: 800
16:34:14.821 [FXGL Background Thread 3 ] DEBUG Engine               - is3D: false
16:34:14.821 [FXGL Background Thread 3 ] DEBUG Engine               - isAndroid: false
16:34:14.821 [FXGL Background Thread 3 ] DEBUG Engine               - isBrowser: false
16:34:14.822 [FXGL Background Thread 3 ] DEBUG Engine               - isClickFeedbackEnabled: false
16:34:14.822 [FXGL Background Thread 3 ] DEBUG Engine               - isCloseConfirmation: false
16:34:14.822 [FXGL Background Thread 3 ] DEBUG Engine               - isDesktop: true
16:34:14.822 [FXGL Background Thread 3 ] DEBUG Engine               - isDeveloperMenuEnabled: false
16:34:14.822 [FXGL Background Thread 3 ] DEBUG Engine               - isEmbedded: false
16:34:14.823 [FXGL Background Thread 3 ] DEBUG Engine               - isEntityPreloadEnabled: true
16:34:14.823 [FXGL Background Thread 3 ] DEBUG Engine               - isExperimentalTiledLargeMap: false
16:34:14.823 [FXGL Background Thread 3 ] DEBUG Engine               - isFileSystemWriteAllowed: true
16:34:14.824 [FXGL Background Thread 3 ] DEBUG Engine               - isFullScreenAllowed: false
16:34:14.824 [FXGL Background Thread 3 ] DEBUG Engine               - isFullScreenFromStart: false
16:34:14.824 [FXGL Background Thread 3 ] DEBUG Engine               - isGameMenuEnabled: true
16:34:14.824 [FXGL Background Thread 3 ] DEBUG Engine               - isIOS: false
16:34:14.825 [FXGL Background Thread 3 ] DEBUG Engine               - isIntroEnabled: false
16:34:14.825 [FXGL Background Thread 3 ] DEBUG Engine               - isLinux: false
16:34:14.826 [FXGL Background Thread 3 ] DEBUG Engine               - isMac: false
16:34:14.826 [FXGL Background Thread 3 ] DEBUG Engine               - isMainMenuEnabled: false
16:34:14.826 [FXGL Background Thread 3 ] DEBUG Engine               - isManualResizeEnabled: true
16:34:14.826 [FXGL Background Thread 3 ] DEBUG Engine               - isMobile: false
16:34:14.826 [FXGL Background Thread 3 ] DEBUG Engine               - isNative: false
16:34:14.827 [FXGL Background Thread 3 ] DEBUG Engine               - isPauseMusicWhenMinimized: true
16:34:14.827 [FXGL Background Thread 3 ] DEBUG Engine               - isPreserveResizeRatio: false
16:34:14.827 [FXGL Background Thread 3 ] DEBUG Engine               - isProfilingEnabled: false
16:34:14.827 [FXGL Background Thread 3 ] DEBUG Engine               - isScaleAffectedOnResize: true
16:34:14.828 [FXGL Background Thread 3 ] DEBUG Engine               - isSingleStep: false
16:34:14.828 [FXGL Background Thread 3 ] DEBUG Engine               - isUserProfileEnabled: false
16:34:14.828 [FXGL Background Thread 3 ] DEBUG Engine               - isWindows: true
16:34:14.828 [FXGL Background Thread 3 ] DEBUG Engine               - language: ObjectProperty [value: ENGLISH]
16:34:14.828 [FXGL Background Thread 3 ] DEBUG Engine               - menuKey: ESCAPE
16:34:14.828 [FXGL Background Thread 3 ] DEBUG Engine               - mouseSensitivity: 0.2
16:34:14.829 [FXGL Background Thread 3 ] DEBUG Engine               - notificationViewClass: class com.almasb.fxgl.notification.view.XboxNotificationView
16:34:14.829 [FXGL Background Thread 3 ] DEBUG Engine               - pixelsPerMeter: 50.0
16:34:14.829 [FXGL Background Thread 3 ] DEBUG Engine               - platform: WINDOWS
16:34:14.829 [FXGL Background Thread 3 ] DEBUG Engine               - prefHeightProperty: ReadOnlyDoubleProperty [value: 800.0]
16:34:14.829 [FXGL Background Thread 3 ] DEBUG Engine               - prefWidthProperty: ReadOnlyDoubleProperty [value: 800.0]
16:34:14.830 [FXGL Background Thread 3 ] DEBUG Engine               - profileDir: profiles/
16:34:14.830 [FXGL Background Thread 3 ] DEBUG Engine               - profileName: StringProperty [value: DEFAULT]
16:34:14.830 [FXGL Background Thread 3 ] DEBUG Engine               - randomSeed: -1
16:34:14.831 [FXGL Background Thread 3 ] DEBUG Engine               - runtimeInfo: RuntimeInfo(platform=WINDOWS, version=17.3, build=30.03.2023 11.54)
16:34:14.831 [FXGL Background Thread 3 ] DEBUG Engine               - saveFileExt: sav
16:34:14.832 [FXGL Background Thread 3 ] DEBUG Engine               - scaledHeightProp$fxgl: DoubleProperty [bound, value: 800.0]
16:34:14.832 [FXGL Background Thread 3 ] DEBUG Engine               - scaledWidthProp$fxgl: DoubleProperty [bound, value: 800.0]
16:34:14.832 [FXGL Background Thread 3 ] DEBUG Engine               - sceneFactory: com.almasb.fxgl.app.scene.SceneFactory@2c12a694
16:34:14.832 [FXGL Background Thread 3 ] DEBUG Engine               - secondsIn24h: 60
16:34:14.832 [FXGL Background Thread 3 ] DEBUG Engine               - soundMenuBack: menu/back.wav
16:34:14.833 [FXGL Background Thread 3 ] DEBUG Engine               - soundMenuPress: menu/press.wav
16:34:14.833 [FXGL Background Thread 3 ] DEBUG Engine               - soundMenuSelect: menu/select.wav
16:34:14.833 [FXGL Background Thread 3 ] DEBUG Engine               - soundNotification: core/notification.wav
16:34:14.833 [FXGL Background Thread 3 ] DEBUG Engine               - stageStyle: DECORATED
16:34:14.833 [FXGL Background Thread 3 ] DEBUG Engine               - supportedLanguages: [ENGLISH, FRENCH, GERMAN, HUNGARIAN, RUSSIAN]
16:34:14.833 [FXGL Background Thread 3 ] DEBUG Engine               - ticksPerSecond: -1
16:34:14.834 [FXGL Background Thread 3 ] DEBUG Engine               - title: Untitled
16:34:14.834 [FXGL Background Thread 3 ] DEBUG Engine               - urlGithub: https://github.com/AlmasB/FXGL
16:34:14.834 [FXGL Background Thread 3 ] DEBUG Engine               - urlLeaderboard: http://fxgl-top.herokuapp.com/
16:34:14.834 [FXGL Background Thread 3 ] DEBUG Engine               - urlPOM: https://raw.githubusercontent.com/AlmasB/FXGL/release/README.md
16:34:14.834 [FXGL Background Thread 3 ] DEBUG Engine               - userAppClass: class App
16:34:14.834 [FXGL Background Thread 3 ] DEBUG Engine               - version: 0.0
16:34:14.835 [FXGL Background Thread 3 ] DEBUG Engine               - versionCheckDays: 7
16:34:14.835 [FXGL Background Thread 3 ] DEBUG Engine               - width: 800
16:34:14.835 [FXGL Background Thread 3 ] DEBUG Engine               - Logging services
16:34:14.835 [FXGL Background Thread 3 ] DEBUG Engine               - class com.almasb.fxgl.app.services.FXGLAssetLoaderService
16:34:14.835 [FXGL Background Thread 3 ] DEBUG Engine               - class com.almasb.fxgl.app.FXGLApplication$GameApplicationService
16:34:14.836 [FXGL Background Thread 3 ] DEBUG Engine               - class com.almasb.fxgl.app.services.FXGLDialogService
16:34:14.836 [FXGL Background Thread 3 ] DEBUG Engine               - class com.almasb.fxgl.app.services.IOTaskExecutorService
16:34:14.836 [FXGL Background Thread 3 ] DEBUG Engine               - class com.almasb.fxgl.io.FileSystemService
16:34:14.836 [FXGL Background Thread 3 ] DEBUG Engine               - class com.almasb.fxgl.localization.LocalizationService
16:34:14.836 [FXGL Background Thread 3 ] DEBUG Engine               - class com.almasb.fxgl.app.services.SystemBundleService
16:34:14.836 [FXGL Background Thread 3 ] DEBUG Engine               - class com.almasb.fxgl.profile.SaveLoadService
16:34:14.836 [FXGL Background Thread 3 ] DEBUG Engine               - class com.almasb.fxgl.ui.FXGLUIFactoryServiceProvider
16:34:14.837 [FXGL Background Thread 3 ] DEBUG Engine               - class com.almasb.fxgl.ui.FXGLDialogFactoryServiceProvider
16:34:14.837 [FXGL Background Thread 3 ] DEBUG Engine               - class com.almasb.fxgl.audio.AudioPlayer
16:34:14.837 [FXGL Background Thread 3 ] DEBUG Engine               - class com.almasb.fxgl.notification.impl.NotificationServiceProvider
16:34:14.837 [FXGL Background Thread 3 ] DEBUG Engine               - class com.almasb.fxgl.achievement.AchievementService
16:34:14.837 [FXGL Background Thread 3 ] DEBUG Engine               - class com.almasb.fxgl.cutscene.CutsceneService
16:34:14.837 [FXGL Background Thread 3 ] DEBUG Engine               - class com.almasb.fxgl.minigames.MiniGameService
16:34:14.837 [FXGL Background Thread 3 ] DEBUG Engine               - class com.almasb.fxgl.net.NetService
16:34:14.838 [FXGL Background Thread 3 ] DEBUG Engine               - class com.almasb.fxgl.app.services.UpdaterService
16:34:14.838 [FXGL Background Thread 3 ] DEBUG Engine               - class com.almasb.fxgl.dev.DevService
16:34:33.116 [JavaFX Application Thread] DEBUG FXGLApplication      - Exiting FXGL
16:34:33.116 [JavaFX Application Thread] DEBUG LoopRunner           - Stopping loop
16:34:33.116 [JavaFX Application Thread] DEBUG SystemBundleService  - Saving FXGL system data
16:34:33.118 [JavaFX Application Thread] DEBUG FileSystemAccess     - Writing to: Z:\squareGame\system\fxgl.bundle
16:34:33.119 [JavaFX Application Thread] DEBUG Async                - Shutting down background threads
16:34:33.119 [JavaFX Application Thread] DEBUG PrimaryStageWindow   - Closing main window
16:34:33.130 [JavaFX Application Thread] DEBUG Logger               - Closing Logger
