14:30:19.457 [main                     ] DEBUG Logger               - Configured Logger
14:30:19.479 [main                     ] DEBUG GameApplication      - Logging settings
Title: Untitled
Version: 0.0
Width: 800
Height: 800
Fullscreen: false
Intro: false
Profiling: false
Single step:false
App Mode: DEVELOPER
Menu Key: ESCAPE
Stage Style: DECORATED
Scene Factory: class com.almasb.fxgl.app.scene.SceneFactory

14:30:19.909 [JavaFX Application Thread] DEBUG FXGLApplication      - Initializing FXGL
14:30:19.914 [JavaFX Application Thread] INFO  Engine               - FXGL-17.3 (30.03.2023 11.54) on WINDOWS (J:19.0.2 FX:20)
14:30:19.915 [JavaFX Application Thread] DEBUG Engine               - JRE Vendor Name: Oracle Corporation
14:30:19.915 [JavaFX Application Thread] DEBUG Engine               - Running on OS: Windows 10 version 10.0
14:30:19.915 [JavaFX Application Thread] DEBUG Engine               - Architecture: amd64
14:30:19.915 [JavaFX Application Thread] INFO  Engine               - Source code and latest versions at: https://github.com/AlmasB/FXGL
14:30:19.916 [JavaFX Application Thread] INFO  Engine               -       Ask questions and discuss at: https://github.com/AlmasB/FXGL/discussions
14:30:19.916 [JavaFX Application Thread] INFO  Engine               -              Join the FXGL chat at: https://gitter.im/AlmasB/FXGL
14:30:20.028 [JavaFX Application Thread] DEBUG PrimaryStageWindow   - Creating a JavaFX scene
14:30:20.073 [JavaFX Application Thread] DEBUG PrimaryStageWindow   - Target settings size: 800.0 x 800.0
14:30:20.073 [JavaFX Application Thread] DEBUG PrimaryStageWindow   - Scaled scene size:    800.0 x 800.0
14:30:20.073 [JavaFX Application Thread] DEBUG PrimaryStageWindow   - Scaled ratio: (1.0, 1.0)
14:30:20.075 [JavaFX Application Thread] DEBUG PrimaryStageWindow   - Set initial scene to FXGLStartupScene
14:30:20.078 [JavaFX Application Thread] DEBUG PrimaryStageWindow   - Opening main window
14:30:20.157 [JavaFX Application Thread] DEBUG PrimaryStageWindow   - Window border size: (16.0, 39.0)
14:30:20.157 [JavaFX Application Thread] DEBUG PrimaryStageWindow   - Scaled size: 800.0 x 800.0
14:30:20.158 [JavaFX Application Thread] DEBUG PrimaryStageWindow   - Scaled ratio: (1.0, 1.0)
14:30:20.158 [JavaFX Application Thread] DEBUG PrimaryStageWindow   - Scene size: 800.0 x 800.0
14:30:20.158 [JavaFX Application Thread] DEBUG PrimaryStageWindow   - Stage size: 816.0 x 839.0
14:30:20.166 [FXGL Background Thread 1 ] DEBUG Engine               - Initializing environment variables
14:30:20.222 [FXGL Background Thread 1 ] DEBUG FXGLAssetLoaderServi - User app class for loading assets: class App
14:30:20.222 [FXGL Background Thread 1 ] DEBUG GameApplicationServi - Applying CSS: fxgl_dark.css
14:30:20.223 [FXGL Background Thread 1 ] DEBUG FXGLAssetLoaderServi - Loading from file system: jar:file:/D:/Downloads/fxgl-17.3-uber.jar!/fxglassets/ui/css/fxgl_dark.css
14:30:20.262 [FXGL Background Thread 1 ] DEBUG GameApplicationServi - Initializing application scenes
14:30:20.299 [FXGL Background Thread 1 ] DEBUG GameWorld            - Game world initialized
14:30:20.369 [FXGL Background Thread 1 ] DEBUG PhysicsWorld         - Physics world initialized: appHeight=800, physics.ppm=50.0
14:30:20.369 [FXGL Background Thread 1 ] DEBUG PhysicsWorld         - Using strategy: BRUTE_FORCE
14:30:20.373 [FXGL Background Thread 1 ] DEBUG GameScene            - Game scene initialized: 800x800
14:30:20.388 [FXGL Background Thread 1 ] DEBUG FXGL.DefaultMenu     - createMenuBodyGameMenu()
14:30:20.404 [FXGL Background Thread 1 ] DEBUG FXGL.DefaultMenu     - createOptionsMenu()
14:30:20.413 [FXGL Background Thread 1 ] DEBUG FXGLAssetLoaderServi - Loading from file system: jar:file:/D:/Downloads/fxgl-17.3-uber.jar!/fxglassets/textures/particles/smoke.png
14:30:20.520 [FXGL Background Thread 1 ] DEBUG FXGLAssetLoaderServi - Loading from file system: jar:file:/D:/Downloads/fxgl-17.3-uber.jar!/fxglassets/textures/particles/trace_horizontal.png
14:30:20.541 [FXGL Background Thread 1 ] DEBUG GameApplicationServi - Application scenes initialized
14:30:20.554 [FXGL Background Thread 1 ] DEBUG SystemBundleService  - Loading FXGL system data
14:30:20.558 [FXGL Background Thread 1 ] DEBUG FileSystemAccess     - Reading from: Z:\squareGame\system\fxgl.bundle
14:30:20.565 [FXGL Background Thread 1 ] DEBUG SystemBundleService  - Bundle FXGL: {}
14:30:20.565 [FXGL Background Thread 1 ] DEBUG UpdaterService       - Checking for updates
14:30:20.570 [FXGL Background Thread 4 ] DEBUG FXGLApplication      - Loading fonts
14:30:20.570 [FXGL Background Thread 4 ] DEBUG FXGLAssetLoaderServi - Loading from file system: jar:file:/D:/Downloads/fxgl-17.3-uber.jar!/fxglassets/ui/fonts/VarelaRound-Regular.ttf
14:30:20.571 [FXGL Background Thread 1 ] DEBUG FXGLApplication      - Loading default localization
14:30:20.571 [FXGL Background Thread 1 ] DEBUG FXGLAssetLoaderServi - Loading from file system: jar:file:/D:/Downloads/fxgl-17.3-uber.jar!/fxglassets/languages/english.lang
14:30:20.597 [FXGL Background Thread 1 ] INFO  FXGLApplication      - FXGL initialization took: 0.430 sec
14:30:20.609 [JavaFX Application Thread] DEBUG Input                - Registered new binding: action0 - D
14:30:20.609 [JavaFX Application Thread] DEBUG Input                - Registered new binding: action1 - A
14:30:20.610 [JavaFX Application Thread] DEBUG Input                - Registered new binding: action2 - W
14:30:20.610 [JavaFX Application Thread] DEBUG Input                - Registered new binding: action3 - S
14:30:20.611 [JavaFX Application Thread] DEBUG FXGLAssetLoaderServi - Loading from file system: jar:file:/D:/Downloads/fxgl-17.3-uber.jar!/fxglassets/textures/fxgl_icon.png
14:30:20.615 [FXGL Background Thread 4 ] DEBUG FXGLAssetLoaderServi - Loading from file system: jar:file:/D:/Downloads/fxgl-17.3-uber.jar!/fxglassets/ui/fonts/Abel-Regular.ttf
14:30:20.619 [FXGL Background Thread 4 ] DEBUG FXGLAssetLoaderServi - Loading from file system: jar:file:/D:/Downloads/fxgl-17.3-uber.jar!/fxglassets/ui/fonts/TerminalLandMono-Regular.otf
14:30:20.624 [FXGL Background Thread 4 ] DEBUG FXGLAssetLoaderServi - Loading from file system: jar:file:/D:/Downloads/fxgl-17.3-uber.jar!/fxglassets/ui/fonts/Courier-Prime.ttf
14:30:20.636 [JavaFX Application Thread] DEBUG FXGLAssetLoaderServi - Loading from file system: jar:file:/D:/Downloads/fxgl-17.3-uber.jar!/fxglassets/textures/fxgl_default_cursor.png
14:30:20.639 [JavaFX Application Thread] DEBUG Input                - Registered new binding: Screenshot - CTRL+8
14:30:20.639 [JavaFX Application Thread] DEBUG Input                - Registered new binding: System info dump - CTRL+9
14:30:20.640 [JavaFX Application Thread] DEBUG Input                - Registered new binding: Restart - CTRL+R
14:30:20.640 [JavaFX Application Thread] DEBUG Input                - Registered new binding: Toggle Debug Camera - CTRL+7
14:30:20.643 [JavaFX Application Thread] DEBUG LoopRunner           - Starting loop
14:30:20.643 [JavaFX Application Thread] DEBUG LoopRunner           - Initializing JavaFX AnimationTimerLoop
14:30:20.645 [JavaFX Application Thread] DEBUG GameApplicationServi - Starting new game
14:30:20.646 [JavaFX Application Thread] DEBUG Input                - Clearing active input actions
14:30:20.657 [JavaFX Application Thread] DEBUG GameApplicationServi - Removing overlay from FXGLStartupScene and adding to FXGLLoadingScene
14:30:20.657 [JavaFX Application Thread] DEBUG PrimaryStageWindow   - FXGLStartupScene -> FXGLLoadingScene
14:30:20.657 [JavaFX Application Thread] DEBUG GameApplicationServi - Clearing previous game
14:30:20.657 [JavaFX Application Thread] DEBUG GameScene            - Clearing game scene
14:30:20.658 [JavaFX Application Thread] DEBUG GameWorld            - Clearing game world
14:30:20.658 [JavaFX Application Thread] DEBUG PhysicsWorld         - Clearing physics world
14:30:20.659 [JavaFX Application Thread] DEBUG FXGLApplication      - Registering font factories with UI factory
14:30:20.708 [FXGL Background Thread 4 ] INFO  FXGLApplication      - Game initialization took: 0.048 sec
14:30:20.714 [JavaFX Application Thread] DEBUG Input                - Clearing active input actions
14:30:20.733 [JavaFX Application Thread] DEBUG GameApplicationServi - Removing overlay from FXGLLoadingScene and adding to GameScene
14:30:20.733 [JavaFX Application Thread] DEBUG PrimaryStageWindow   - FXGLLoadingScene -> GameScene
14:30:23.568 [FXGL Background Thread 3 ] DEBUG Engine               - Logging environment variables
14:30:23.569 [FXGL Background Thread 3 ] DEBUG Engine               - achievements: []
14:30:23.570 [FXGL Background Thread 3 ] DEBUG Engine               - actualHeight: 800.0
14:30:23.570 [FXGL Background Thread 3 ] DEBUG Engine               - actualHeightProperty: ReadOnlyDoubleProperty [value: 800.0]
14:30:23.570 [FXGL Background Thread 3 ] DEBUG Engine               - actualWidth: 800.0
14:30:23.571 [FXGL Background Thread 3 ] DEBUG Engine               - actualWidthProperty: ReadOnlyDoubleProperty [value: 800.0]
14:30:23.571 [FXGL Background Thread 3 ] DEBUG Engine               - appIcon: fxgl_icon.png
14:30:23.571 [FXGL Background Thread 3 ] DEBUG Engine               - applicationMode: DEVELOPER
14:30:23.571 [FXGL Background Thread 3 ] DEBUG Engine               - cSSList: [fxgl_dark.css]
14:30:23.571 [FXGL Background Thread 3 ] DEBUG Engine               - collisionDetectionStrategy: BRUTE_FORCE
14:30:23.571 [FXGL Background Thread 3 ] DEBUG Engine               - configClass: Optional.empty
14:30:23.572 [FXGL Background Thread 3 ] DEBUG Engine               - credits: []
14:30:23.573 [FXGL Background Thread 3 ] DEBUG Engine               - defaultCursor: CursorInfo(imageName=fxgl_default_cursor.png, hotspotX=7.0, hotspotY=6.0)
14:30:23.573 [FXGL Background Thread 3 ] DEBUG Engine               - devBBoxColorProperty: ObjectProperty [value: 0xff0000ff]
14:30:23.574 [FXGL Background Thread 3 ] DEBUG Engine               - devEnableDebugCameraProperty: BooleanProperty [value: false]
14:30:23.574 [FXGL Background Thread 3 ] DEBUG Engine               - devSensorColorProperty: ObjectProperty [value: 0xffff00ff]
14:30:23.574 [FXGL Background Thread 3 ] DEBUG Engine               - devShowBBoxProperty: BooleanProperty [value: false]
14:30:23.574 [FXGL Background Thread 3 ] DEBUG Engine               - devShowPositionProperty: BooleanProperty [value: false]
14:30:23.574 [FXGL Background Thread 3 ] DEBUG Engine               - enabledMenuItems: []
14:30:23.575 [FXGL Background Thread 3 ] DEBUG Engine               - engineServices: [class com.almasb.fxgl.app.services.FXGLAssetLoaderService, class com.almasb.fxgl.app.FXGLApplication$GameApplicationService, class com.almasb.fxgl.app.services.FXGLDialogService, class com.almasb.fxgl.app.services.IOTaskExecutorService, class com.almasb.fxgl.io.FileSystemService, class com.almasb.fxgl.localization.LocalizationService, class com.almasb.fxgl.app.services.SystemBundleService, class com.almasb.fxgl.profile.SaveLoadService, class com.almasb.fxgl.ui.FXGLUIFactoryServiceProvider, class com.almasb.fxgl.ui.FXGLDialogFactoryServiceProvider, class com.almasb.fxgl.audio.AudioPlayer, class com.almasb.fxgl.notification.impl.NotificationServiceProvider, class com.almasb.fxgl.achievement.AchievementService, class com.almasb.fxgl.cutscene.CutsceneService, class com.almasb.fxgl.minigames.MiniGameService, class com.almasb.fxgl.net.NetService, class com.almasb.fxgl.app.services.UpdaterService, class com.almasb.fxgl.dev.DevService]
14:30:23.575 [FXGL Background Thread 3 ] DEBUG Engine               - fontGame: Abel-Regular.ttf
14:30:23.575 [FXGL Background Thread 3 ] DEBUG Engine               - fontMono: TerminalLandMono-Regular.otf
14:30:23.575 [FXGL Background Thread 3 ] DEBUG Engine               - fontSizeScaleUI: 1.0
14:30:23.575 [FXGL Background Thread 3 ] DEBUG Engine               - fontText: Courier-Prime.ttf
14:30:23.576 [FXGL Background Thread 3 ] DEBUG Engine               - fontUI: VarelaRound-Regular.ttf
14:30:23.576 [FXGL Background Thread 3 ] DEBUG Engine               - fullScreen: BooleanProperty [value: false]
14:30:23.576 [FXGL Background Thread 3 ] DEBUG Engine               - gameDifficulty: MEDIUM
14:30:23.576 [FXGL Background Thread 3 ] DEBUG Engine               - gameDifficultyProperty: ObjectProperty [value: MEDIUM]
14:30:23.576 [FXGL Background Thread 3 ] DEBUG Engine               - globalMusicVolume: 0.5
14:30:23.577 [FXGL Background Thread 3 ] DEBUG Engine               - globalMusicVolumeProperty: DoubleProperty [value: 0.5]
14:30:23.577 [FXGL Background Thread 3 ] DEBUG Engine               - globalSoundVolume: 0.5
14:30:23.577 [FXGL Background Thread 3 ] DEBUG Engine               - globalSoundVolumeProperty: DoubleProperty [value: 0.5]
14:30:23.577 [FXGL Background Thread 3 ] DEBUG Engine               - height: 800
14:30:23.578 [FXGL Background Thread 3 ] DEBUG Engine               - is3D: false
14:30:23.578 [FXGL Background Thread 3 ] DEBUG Engine               - isAndroid: false
14:30:23.578 [FXGL Background Thread 3 ] DEBUG Engine               - isBrowser: false
14:30:23.578 [FXGL Background Thread 3 ] DEBUG Engine               - isClickFeedbackEnabled: false
14:30:23.579 [FXGL Background Thread 3 ] DEBUG Engine               - isCloseConfirmation: false
14:30:23.579 [FXGL Background Thread 3 ] DEBUG Engine               - isDesktop: true
14:30:23.579 [FXGL Background Thread 3 ] DEBUG Engine               - isDeveloperMenuEnabled: false
14:30:23.579 [FXGL Background Thread 3 ] DEBUG Engine               - isEmbedded: false
14:30:23.579 [FXGL Background Thread 3 ] DEBUG Engine               - isEntityPreloadEnabled: true
14:30:23.580 [FXGL Background Thread 3 ] DEBUG Engine               - isExperimentalTiledLargeMap: false
14:30:23.580 [FXGL Background Thread 3 ] DEBUG Engine               - isFileSystemWriteAllowed: true
14:30:23.580 [FXGL Background Thread 3 ] DEBUG Engine               - isFullScreenAllowed: false
14:30:23.580 [FXGL Background Thread 3 ] DEBUG Engine               - isFullScreenFromStart: false
14:30:23.580 [FXGL Background Thread 3 ] DEBUG Engine               - isGameMenuEnabled: true
14:30:23.581 [FXGL Background Thread 3 ] DEBUG Engine               - isIOS: false
14:30:23.581 [FXGL Background Thread 3 ] DEBUG Engine               - isIntroEnabled: false
14:30:23.581 [FXGL Background Thread 3 ] DEBUG Engine               - isLinux: false
14:30:23.581 [FXGL Background Thread 3 ] DEBUG Engine               - isMac: false
14:30:23.582 [FXGL Background Thread 3 ] DEBUG Engine               - isMainMenuEnabled: false
14:30:23.582 [FXGL Background Thread 3 ] DEBUG Engine               - isManualResizeEnabled: true
14:30:23.582 [FXGL Background Thread 3 ] DEBUG Engine               - isMobile: false
14:30:23.582 [FXGL Background Thread 3 ] DEBUG Engine               - isNative: false
14:30:23.583 [FXGL Background Thread 3 ] DEBUG Engine               - isPauseMusicWhenMinimized: true
14:30:23.583 [FXGL Background Thread 3 ] DEBUG Engine               - isPreserveResizeRatio: false
14:30:23.583 [FXGL Background Thread 3 ] DEBUG Engine               - isProfilingEnabled: false
14:30:23.583 [FXGL Background Thread 3 ] DEBUG Engine               - isScaleAffectedOnResize: true
14:30:23.583 [FXGL Background Thread 3 ] DEBUG Engine               - isSingleStep: false
14:30:23.584 [FXGL Background Thread 3 ] DEBUG Engine               - isUserProfileEnabled: false
14:30:23.584 [FXGL Background Thread 3 ] DEBUG Engine               - isWindows: true
14:30:23.584 [FXGL Background Thread 3 ] DEBUG Engine               - language: ObjectProperty [value: ENGLISH]
14:30:23.584 [FXGL Background Thread 3 ] DEBUG Engine               - menuKey: ESCAPE
14:30:23.584 [FXGL Background Thread 3 ] DEBUG Engine               - mouseSensitivity: 0.2
14:30:23.585 [FXGL Background Thread 3 ] DEBUG Engine               - notificationViewClass: class com.almasb.fxgl.notification.view.XboxNotificationView
14:30:23.585 [FXGL Background Thread 3 ] DEBUG Engine               - pixelsPerMeter: 50.0
14:30:23.585 [FXGL Background Thread 3 ] DEBUG Engine               - platform: WINDOWS
14:30:23.585 [FXGL Background Thread 3 ] DEBUG Engine               - prefHeightProperty: ReadOnlyDoubleProperty [value: 800.0]
14:30:23.585 [FXGL Background Thread 3 ] DEBUG Engine               - prefWidthProperty: ReadOnlyDoubleProperty [value: 800.0]
14:30:23.586 [FXGL Background Thread 3 ] DEBUG Engine               - profileDir: profiles/
14:30:23.586 [FXGL Background Thread 3 ] DEBUG Engine               - profileName: StringProperty [value: DEFAULT]
14:30:23.586 [FXGL Background Thread 3 ] DEBUG Engine               - randomSeed: -1
14:30:23.587 [FXGL Background Thread 3 ] DEBUG Engine               - runtimeInfo: RuntimeInfo(platform=WINDOWS, version=17.3, build=30.03.2023 11.54)
14:30:23.587 [FXGL Background Thread 3 ] DEBUG Engine               - saveFileExt: sav
14:30:23.587 [FXGL Background Thread 3 ] DEBUG Engine               - scaledHeightProp$fxgl: DoubleProperty [bound, value: 800.0]
14:30:23.587 [FXGL Background Thread 3 ] DEBUG Engine               - scaledWidthProp$fxgl: DoubleProperty [bound, value: 800.0]
14:30:23.588 [FXGL Background Thread 3 ] DEBUG Engine               - sceneFactory: com.almasb.fxgl.app.scene.SceneFactory@5a7f2f14
14:30:23.588 [FXGL Background Thread 3 ] DEBUG Engine               - secondsIn24h: 60
14:30:23.588 [FXGL Background Thread 3 ] DEBUG Engine               - soundMenuBack: menu/back.wav
14:30:23.588 [FXGL Background Thread 3 ] DEBUG Engine               - soundMenuPress: menu/press.wav
14:30:23.588 [FXGL Background Thread 3 ] DEBUG Engine               - soundMenuSelect: menu/select.wav
14:30:23.589 [FXGL Background Thread 3 ] DEBUG Engine               - soundNotification: core/notification.wav
14:30:23.589 [FXGL Background Thread 3 ] DEBUG Engine               - stageStyle: DECORATED
14:30:23.589 [FXGL Background Thread 3 ] DEBUG Engine               - supportedLanguages: [ENGLISH, FRENCH, GERMAN, HUNGARIAN, RUSSIAN]
14:30:23.590 [FXGL Background Thread 3 ] DEBUG Engine               - ticksPerSecond: -1
14:30:23.590 [FXGL Background Thread 3 ] DEBUG Engine               - title: Untitled
14:30:23.590 [FXGL Background Thread 3 ] DEBUG Engine               - urlGithub: https://github.com/AlmasB/FXGL
14:30:23.590 [FXGL Background Thread 3 ] DEBUG Engine               - urlLeaderboard: http://fxgl-top.herokuapp.com/
14:30:23.590 [FXGL Background Thread 3 ] DEBUG Engine               - urlPOM: https://raw.githubusercontent.com/AlmasB/FXGL/release/README.md
14:30:23.591 [FXGL Background Thread 3 ] DEBUG Engine               - userAppClass: class App
14:30:23.591 [FXGL Background Thread 3 ] DEBUG Engine               - version: 0.0
14:30:23.591 [FXGL Background Thread 3 ] DEBUG Engine               - versionCheckDays: 7
14:30:23.591 [FXGL Background Thread 3 ] DEBUG Engine               - width: 800
14:30:23.591 [FXGL Background Thread 3 ] DEBUG Engine               - Logging services
14:30:23.591 [FXGL Background Thread 3 ] DEBUG Engine               - class com.almasb.fxgl.app.services.FXGLAssetLoaderService
14:30:23.592 [FXGL Background Thread 3 ] DEBUG Engine               - class com.almasb.fxgl.app.FXGLApplication$GameApplicationService
14:30:23.592 [FXGL Background Thread 3 ] DEBUG Engine               - class com.almasb.fxgl.app.services.FXGLDialogService
14:30:23.592 [FXGL Background Thread 3 ] DEBUG Engine               - class com.almasb.fxgl.app.services.IOTaskExecutorService
14:30:23.592 [FXGL Background Thread 3 ] DEBUG Engine               - class com.almasb.fxgl.io.FileSystemService
14:30:23.592 [FXGL Background Thread 3 ] DEBUG Engine               - class com.almasb.fxgl.localization.LocalizationService
14:30:23.592 [FXGL Background Thread 3 ] DEBUG Engine               - class com.almasb.fxgl.app.services.SystemBundleService
14:30:23.593 [FXGL Background Thread 3 ] DEBUG Engine               - class com.almasb.fxgl.profile.SaveLoadService
14:30:23.593 [FXGL Background Thread 3 ] DEBUG Engine               - class com.almasb.fxgl.ui.FXGLUIFactoryServiceProvider
14:30:23.593 [FXGL Background Thread 3 ] DEBUG Engine               - class com.almasb.fxgl.ui.FXGLDialogFactoryServiceProvider
14:30:23.593 [FXGL Background Thread 3 ] DEBUG Engine               - class com.almasb.fxgl.audio.AudioPlayer
14:30:23.593 [FXGL Background Thread 3 ] DEBUG Engine               - class com.almasb.fxgl.notification.impl.NotificationServiceProvider
14:30:23.593 [FXGL Background Thread 3 ] DEBUG Engine               - class com.almasb.fxgl.achievement.AchievementService
14:30:23.593 [FXGL Background Thread 3 ] DEBUG Engine               - class com.almasb.fxgl.cutscene.CutsceneService
14:30:23.594 [FXGL Background Thread 3 ] DEBUG Engine               - class com.almasb.fxgl.minigames.MiniGameService
14:30:23.594 [FXGL Background Thread 3 ] DEBUG Engine               - class com.almasb.fxgl.net.NetService
14:30:23.594 [FXGL Background Thread 3 ] DEBUG Engine               - class com.almasb.fxgl.app.services.UpdaterService
14:30:23.594 [FXGL Background Thread 3 ] DEBUG Engine               - class com.almasb.fxgl.dev.DevService
14:30:29.899 [JavaFX Application Thread] DEBUG FXGLApplication      - Exiting FXGL
14:30:29.899 [JavaFX Application Thread] DEBUG LoopRunner           - Stopping loop
14:30:29.899 [JavaFX Application Thread] DEBUG SystemBundleService  - Saving FXGL system data
14:30:29.900 [JavaFX Application Thread] DEBUG FileSystemAccess     - Writing to: Z:\squareGame\system\fxgl.bundle
14:30:29.901 [JavaFX Application Thread] DEBUG Async                - Shutting down background threads
14:30:29.902 [JavaFX Application Thread] DEBUG PrimaryStageWindow   - Closing main window
14:30:29.912 [JavaFX Application Thread] DEBUG Logger               - Closing Logger
