14:27:58.073 [main                     ] DEBUG Logger               - Configured Logger
14:27:58.095 [main                     ] DEBUG GameApplication      - Logging settings
Title: Untitled
Version: 0.0
Width: 800
Height: 800
Fullscreen: false
Intro: false
Profiling: false
Single step:false
App Mode: DEVELOPER
Menu Key: ESCAPE
Stage Style: DECORATED
Scene Factory: class com.almasb.fxgl.app.scene.SceneFactory

14:27:58.566 [JavaFX Application Thread] DEBUG FXGLApplication      - Initializing FXGL
14:27:58.573 [JavaFX Application Thread] INFO  Engine               - FXGL-17.3 (30.03.2023 11.54) on WINDOWS (J:19.0.2 FX:20)
14:27:58.573 [JavaFX Application Thread] DEBUG Engine               - JRE Vendor Name: Oracle Corporation
14:27:58.573 [JavaFX Application Thread] DEBUG Engine               - Running on OS: Windows 10 version 10.0
14:27:58.574 [JavaFX Application Thread] DEBUG Engine               - Architecture: amd64
14:27:58.574 [JavaFX Application Thread] INFO  Engine               - Source code and latest versions at: https://github.com/AlmasB/FXGL
14:27:58.574 [JavaFX Application Thread] INFO  Engine               -       Ask questions and discuss at: https://github.com/AlmasB/FXGL/discussions
14:27:58.575 [JavaFX Application Thread] INFO  Engine               -              Join the FXGL chat at: https://gitter.im/AlmasB/FXGL
14:27:59.248 [JavaFX Application Thread] DEBUG PrimaryStageWindow   - Creating a JavaFX scene
14:27:59.304 [JavaFX Application Thread] DEBUG PrimaryStageWindow   - Target settings size: 800.0 x 800.0
14:27:59.304 [JavaFX Application Thread] DEBUG PrimaryStageWindow   - Scaled scene size:    800.0 x 800.0
14:27:59.304 [JavaFX Application Thread] DEBUG PrimaryStageWindow   - Scaled ratio: (1.0, 1.0)
14:27:59.305 [JavaFX Application Thread] DEBUG PrimaryStageWindow   - Set initial scene to FXGLStartupScene
14:27:59.311 [JavaFX Application Thread] DEBUG PrimaryStageWindow   - Opening main window
14:27:59.400 [JavaFX Application Thread] DEBUG PrimaryStageWindow   - Window border size: (16.0, 39.0)
14:27:59.401 [JavaFX Application Thread] DEBUG PrimaryStageWindow   - Scaled size: 800.0 x 800.0
14:27:59.401 [JavaFX Application Thread] DEBUG PrimaryStageWindow   - Scaled ratio: (1.0, 1.0)
14:27:59.401 [JavaFX Application Thread] DEBUG PrimaryStageWindow   - Scene size: 800.0 x 800.0
14:27:59.401 [JavaFX Application Thread] DEBUG PrimaryStageWindow   - Stage size: 816.0 x 839.0
14:27:59.423 [FXGL Background Thread 1 ] DEBUG Engine               - Initializing environment variables
14:27:59.481 [FXGL Background Thread 1 ] DEBUG FXGLAssetLoaderServi - User app class for loading assets: class App
14:27:59.481 [FXGL Background Thread 1 ] DEBUG GameApplicationServi - Applying CSS: fxgl_dark.css
14:27:59.481 [FXGL Background Thread 1 ] DEBUG FXGLAssetLoaderServi - Loading from file system: jar:file:/D:/Downloads/fxgl-17.3-uber.jar!/fxglassets/ui/css/fxgl_dark.css
14:27:59.522 [FXGL Background Thread 1 ] DEBUG GameApplicationServi - Initializing application scenes
14:27:59.565 [FXGL Background Thread 1 ] DEBUG GameWorld            - Game world initialized
14:27:59.633 [FXGL Background Thread 1 ] DEBUG PhysicsWorld         - Physics world initialized: appHeight=800, physics.ppm=50.0
14:27:59.633 [FXGL Background Thread 1 ] DEBUG PhysicsWorld         - Using strategy: BRUTE_FORCE
14:27:59.636 [FXGL Background Thread 1 ] DEBUG GameScene            - Game scene initialized: 800x800
14:27:59.650 [FXGL Background Thread 1 ] DEBUG FXGL.DefaultMenu     - createMenuBodyGameMenu()
14:27:59.668 [FXGL Background Thread 1 ] DEBUG FXGL.DefaultMenu     - createOptionsMenu()
14:27:59.677 [FXGL Background Thread 1 ] DEBUG FXGLAssetLoaderServi - Loading from file system: jar:file:/D:/Downloads/fxgl-17.3-uber.jar!/fxglassets/textures/particles/smoke.png
14:27:59.777 [FXGL Background Thread 1 ] DEBUG FXGLAssetLoaderServi - Loading from file system: jar:file:/D:/Downloads/fxgl-17.3-uber.jar!/fxglassets/textures/particles/trace_horizontal.png
14:27:59.802 [FXGL Background Thread 1 ] DEBUG GameApplicationServi - Application scenes initialized
14:27:59.815 [FXGL Background Thread 1 ] DEBUG SystemBundleService  - Loading FXGL system data
14:27:59.818 [FXGL Background Thread 1 ] DEBUG FileSystemAccess     - Reading from: Z:\squareGame\system\fxgl.bundle
14:27:59.826 [FXGL Background Thread 1 ] DEBUG SystemBundleService  - Bundle FXGL: {}
14:27:59.826 [FXGL Background Thread 1 ] DEBUG UpdaterService       - Checking for updates
14:27:59.829 [FXGL Background Thread 4 ] DEBUG FXGLApplication      - Loading fonts
14:27:59.830 [FXGL Background Thread 4 ] DEBUG FXGLAssetLoaderServi - Loading from file system: jar:file:/D:/Downloads/fxgl-17.3-uber.jar!/fxglassets/ui/fonts/VarelaRound-Regular.ttf
14:27:59.830 [FXGL Background Thread 1 ] DEBUG FXGLApplication      - Loading default localization
14:27:59.831 [FXGL Background Thread 1 ] DEBUG FXGLAssetLoaderServi - Loading from file system: jar:file:/D:/Downloads/fxgl-17.3-uber.jar!/fxglassets/languages/english.lang
14:27:59.860 [FXGL Background Thread 1 ] INFO  FXGLApplication      - FXGL initialization took: 0.437 sec
14:27:59.871 [FXGL Background Thread 4 ] DEBUG FXGLAssetLoaderServi - Loading from file system: jar:file:/D:/Downloads/fxgl-17.3-uber.jar!/fxglassets/ui/fonts/Abel-Regular.ttf
14:27:59.875 [FXGL Background Thread 4 ] DEBUG FXGLAssetLoaderServi - Loading from file system: jar:file:/D:/Downloads/fxgl-17.3-uber.jar!/fxglassets/ui/fonts/TerminalLandMono-Regular.otf
14:27:59.876 [JavaFX Application Thread] DEBUG Input                - Registered new binding: action0 - D
14:27:59.876 [JavaFX Application Thread] DEBUG Input                - Registered new binding: action1 - A
14:27:59.877 [JavaFX Application Thread] DEBUG Input                - Registered new binding: action2 - W
14:27:59.877 [JavaFX Application Thread] DEBUG Input                - Registered new binding: action3 - S
14:27:59.878 [JavaFX Application Thread] DEBUG FXGLAssetLoaderServi - Loading from file system: jar:file:/D:/Downloads/fxgl-17.3-uber.jar!/fxglassets/textures/fxgl_icon.png
14:27:59.879 [FXGL Background Thread 4 ] DEBUG FXGLAssetLoaderServi - Loading from file system: jar:file:/D:/Downloads/fxgl-17.3-uber.jar!/fxglassets/ui/fonts/Courier-Prime.ttf
14:27:59.902 [JavaFX Application Thread] DEBUG FXGLAssetLoaderServi - Loading from file system: jar:file:/D:/Downloads/fxgl-17.3-uber.jar!/fxglassets/textures/fxgl_default_cursor.png
14:27:59.906 [JavaFX Application Thread] DEBUG Input                - Registered new binding: Screenshot - CTRL+8
14:27:59.907 [JavaFX Application Thread] DEBUG Input                - Registered new binding: System info dump - CTRL+9
14:27:59.907 [JavaFX Application Thread] DEBUG Input                - Registered new binding: Restart - CTRL+R
14:27:59.909 [JavaFX Application Thread] DEBUG Input                - Registered new binding: Toggle Debug Camera - CTRL+7
14:27:59.912 [JavaFX Application Thread] DEBUG LoopRunner           - Starting loop
14:27:59.912 [JavaFX Application Thread] DEBUG LoopRunner           - Initializing JavaFX AnimationTimerLoop
14:27:59.914 [JavaFX Application Thread] DEBUG GameApplicationServi - Starting new game
14:27:59.915 [JavaFX Application Thread] DEBUG Input                - Clearing active input actions
14:27:59.927 [JavaFX Application Thread] DEBUG GameApplicationServi - Removing overlay from FXGLStartupScene and adding to FXGLLoadingScene
14:27:59.928 [JavaFX Application Thread] DEBUG PrimaryStageWindow   - FXGLStartupScene -> FXGLLoadingScene
14:27:59.928 [JavaFX Application Thread] DEBUG GameApplicationServi - Clearing previous game
14:27:59.928 [JavaFX Application Thread] DEBUG GameScene            - Clearing game scene
14:27:59.928 [JavaFX Application Thread] DEBUG GameWorld            - Clearing game world
14:27:59.928 [JavaFX Application Thread] DEBUG PhysicsWorld         - Clearing physics world
14:27:59.930 [JavaFX Application Thread] DEBUG FXGLApplication      - Registering font factories with UI factory
14:27:59.930 [FXGL Background Thread 4 ] DEBUG FXGLApplication      - Initializing game
14:27:59.971 [FXGL Background Thread 4 ] INFO  FXGLApplication      - Game initialization took: 0.041 sec
14:27:59.984 [JavaFX Application Thread] DEBUG Input                - Clearing active input actions
14:28:00.006 [JavaFX Application Thread] DEBUG GameApplicationServi - Removing overlay from FXGLLoadingScene and adding to GameScene
14:28:00.007 [JavaFX Application Thread] DEBUG PrimaryStageWindow   - FXGLLoadingScene -> GameScene
14:28:02.829 [FXGL Background Thread 3 ] DEBUG Engine               - Logging environment variables
14:28:02.830 [FXGL Background Thread 3 ] DEBUG Engine               - achievements: []
14:28:02.830 [FXGL Background Thread 3 ] DEBUG Engine               - actualHeight: 800.0
14:28:02.830 [FXGL Background Thread 3 ] DEBUG Engine               - actualHeightProperty: ReadOnlyDoubleProperty [value: 800.0]
14:28:02.830 [FXGL Background Thread 3 ] DEBUG Engine               - actualWidth: 800.0
14:28:02.831 [FXGL Background Thread 3 ] DEBUG Engine               - actualWidthProperty: ReadOnlyDoubleProperty [value: 800.0]
14:28:02.831 [FXGL Background Thread 3 ] DEBUG Engine               - appIcon: fxgl_icon.png
14:28:02.831 [FXGL Background Thread 3 ] DEBUG Engine               - applicationMode: DEVELOPER
14:28:02.831 [FXGL Background Thread 3 ] DEBUG Engine               - cSSList: [fxgl_dark.css]
14:28:02.831 [FXGL Background Thread 3 ] DEBUG Engine               - collisionDetectionStrategy: BRUTE_FORCE
14:28:02.831 [FXGL Background Thread 3 ] DEBUG Engine               - configClass: Optional.empty
14:28:02.831 [FXGL Background Thread 3 ] DEBUG Engine               - credits: []
14:28:02.832 [FXGL Background Thread 3 ] DEBUG Engine               - defaultCursor: CursorInfo(imageName=fxgl_default_cursor.png, hotspotX=7.0, hotspotY=6.0)
14:28:02.832 [FXGL Background Thread 3 ] DEBUG Engine               - devBBoxColorProperty: ObjectProperty [value: 0xff0000ff]
14:28:02.832 [FXGL Background Thread 3 ] DEBUG Engine               - devEnableDebugCameraProperty: BooleanProperty [value: false]
14:28:02.832 [FXGL Background Thread 3 ] DEBUG Engine               - devSensorColorProperty: ObjectProperty [value: 0xffff00ff]
14:28:02.833 [FXGL Background Thread 3 ] DEBUG Engine               - devShowBBoxProperty: BooleanProperty [value: false]
14:28:02.833 [FXGL Background Thread 3 ] DEBUG Engine               - devShowPositionProperty: BooleanProperty [value: false]
14:28:02.833 [FXGL Background Thread 3 ] DEBUG Engine               - enabledMenuItems: []
14:28:02.833 [FXGL Background Thread 3 ] DEBUG Engine               - engineServices: [class com.almasb.fxgl.app.services.FXGLAssetLoaderService, class com.almasb.fxgl.app.FXGLApplication$GameApplicationService, class com.almasb.fxgl.app.services.FXGLDialogService, class com.almasb.fxgl.app.services.IOTaskExecutorService, class com.almasb.fxgl.io.FileSystemService, class com.almasb.fxgl.localization.LocalizationService, class com.almasb.fxgl.app.services.SystemBundleService, class com.almasb.fxgl.profile.SaveLoadService, class com.almasb.fxgl.ui.FXGLUIFactoryServiceProvider, class com.almasb.fxgl.ui.FXGLDialogFactoryServiceProvider, class com.almasb.fxgl.audio.AudioPlayer, class com.almasb.fxgl.notification.impl.NotificationServiceProvider, class com.almasb.fxgl.achievement.AchievementService, class com.almasb.fxgl.cutscene.CutsceneService, class com.almasb.fxgl.minigames.MiniGameService, class com.almasb.fxgl.net.NetService, class com.almasb.fxgl.app.services.UpdaterService, class com.almasb.fxgl.dev.DevService]
14:28:02.833 [FXGL Background Thread 3 ] DEBUG Engine               - fontGame: Abel-Regular.ttf
14:28:02.833 [FXGL Background Thread 3 ] DEBUG Engine               - fontMono: TerminalLandMono-Regular.otf
14:28:02.833 [FXGL Background Thread 3 ] DEBUG Engine               - fontSizeScaleUI: 1.0
14:28:02.833 [FXGL Background Thread 3 ] DEBUG Engine               - fontText: Courier-Prime.ttf
14:28:02.834 [FXGL Background Thread 3 ] DEBUG Engine               - fontUI: VarelaRound-Regular.ttf
14:28:02.834 [FXGL Background Thread 3 ] DEBUG Engine               - fullScreen: BooleanProperty [value: false]
14:28:02.834 [FXGL Background Thread 3 ] DEBUG Engine               - gameDifficulty: MEDIUM
14:28:02.834 [FXGL Background Thread 3 ] DEBUG Engine               - gameDifficultyProperty: ObjectProperty [value: MEDIUM]
14:28:02.834 [FXGL Background Thread 3 ] DEBUG Engine               - globalMusicVolume: 0.5
14:28:02.834 [FXGL Background Thread 3 ] DEBUG Engine               - globalMusicVolumeProperty: DoubleProperty [value: 0.5]
14:28:02.834 [FXGL Background Thread 3 ] DEBUG Engine               - globalSoundVolume: 0.5
14:28:02.834 [FXGL Background Thread 3 ] DEBUG Engine               - globalSoundVolumeProperty: DoubleProperty [value: 0.5]
14:28:02.835 [FXGL Background Thread 3 ] DEBUG Engine               - height: 800
14:28:02.835 [FXGL Background Thread 3 ] DEBUG Engine               - is3D: false
14:28:02.835 [FXGL Background Thread 3 ] DEBUG Engine               - isAndroid: false
14:28:02.835 [FXGL Background Thread 3 ] DEBUG Engine               - isBrowser: false
14:28:02.835 [FXGL Background Thread 3 ] DEBUG Engine               - isClickFeedbackEnabled: false
14:28:02.835 [FXGL Background Thread 3 ] DEBUG Engine               - isCloseConfirmation: false
14:28:02.835 [FXGL Background Thread 3 ] DEBUG Engine               - isDesktop: true
14:28:02.835 [FXGL Background Thread 3 ] DEBUG Engine               - isDeveloperMenuEnabled: false
14:28:02.835 [FXGL Background Thread 3 ] DEBUG Engine               - isEmbedded: false
14:28:02.836 [FXGL Background Thread 3 ] DEBUG Engine               - isEntityPreloadEnabled: true
14:28:02.836 [FXGL Background Thread 3 ] DEBUG Engine               - isExperimentalTiledLargeMap: false
14:28:02.836 [FXGL Background Thread 3 ] DEBUG Engine               - isFileSystemWriteAllowed: true
14:28:02.836 [FXGL Background Thread 3 ] DEBUG Engine               - isFullScreenAllowed: false
14:28:02.836 [FXGL Background Thread 3 ] DEBUG Engine               - isFullScreenFromStart: false
14:28:02.836 [FXGL Background Thread 3 ] DEBUG Engine               - isGameMenuEnabled: true
14:28:02.836 [FXGL Background Thread 3 ] DEBUG Engine               - isIOS: false
14:28:02.836 [FXGL Background Thread 3 ] DEBUG Engine               - isIntroEnabled: false
14:28:02.836 [FXGL Background Thread 3 ] DEBUG Engine               - isLinux: false
14:28:02.837 [FXGL Background Thread 3 ] DEBUG Engine               - isMac: false
14:28:02.837 [FXGL Background Thread 3 ] DEBUG Engine               - isMainMenuEnabled: false
14:28:02.837 [FXGL Background Thread 3 ] DEBUG Engine               - isManualResizeEnabled: true
14:28:02.837 [FXGL Background Thread 3 ] DEBUG Engine               - isMobile: false
14:28:02.837 [FXGL Background Thread 3 ] DEBUG Engine               - isNative: false
14:28:02.837 [FXGL Background Thread 3 ] DEBUG Engine               - isPauseMusicWhenMinimized: true
14:28:02.837 [FXGL Background Thread 3 ] DEBUG Engine               - isPreserveResizeRatio: false
14:28:02.838 [FXGL Background Thread 3 ] DEBUG Engine               - isProfilingEnabled: false
14:28:02.838 [FXGL Background Thread 3 ] DEBUG Engine               - isScaleAffectedOnResize: true
14:28:02.838 [FXGL Background Thread 3 ] DEBUG Engine               - isSingleStep: false
14:28:02.838 [FXGL Background Thread 3 ] DEBUG Engine               - isUserProfileEnabled: false
14:28:02.838 [FXGL Background Thread 3 ] DEBUG Engine               - isWindows: true
14:28:02.838 [FXGL Background Thread 3 ] DEBUG Engine               - language: ObjectProperty [value: ENGLISH]
14:28:02.838 [FXGL Background Thread 3 ] DEBUG Engine               - menuKey: ESCAPE
14:28:02.838 [FXGL Background Thread 3 ] DEBUG Engine               - mouseSensitivity: 0.2
14:28:02.838 [FXGL Background Thread 3 ] DEBUG Engine               - notificationViewClass: class com.almasb.fxgl.notification.view.XboxNotificationView
14:28:02.838 [FXGL Background Thread 3 ] DEBUG Engine               - pixelsPerMeter: 50.0
14:28:02.839 [FXGL Background Thread 3 ] DEBUG Engine               - platform: WINDOWS
14:28:02.839 [FXGL Background Thread 3 ] DEBUG Engine               - prefHeightProperty: ReadOnlyDoubleProperty [value: 800.0]
14:28:02.839 [FXGL Background Thread 3 ] DEBUG Engine               - prefWidthProperty: ReadOnlyDoubleProperty [value: 800.0]
14:28:02.839 [FXGL Background Thread 3 ] DEBUG Engine               - profileDir: profiles/
14:28:02.839 [FXGL Background Thread 3 ] DEBUG Engine               - profileName: StringProperty [value: DEFAULT]
14:28:02.839 [FXGL Background Thread 3 ] DEBUG Engine               - randomSeed: -1
14:28:02.840 [FXGL Background Thread 3 ] DEBUG Engine               - runtimeInfo: RuntimeInfo(platform=WINDOWS, version=17.3, build=30.03.2023 11.54)
14:28:02.840 [FXGL Background Thread 3 ] DEBUG Engine               - saveFileExt: sav
14:28:02.840 [FXGL Background Thread 3 ] DEBUG Engine               - scaledHeightProp$fxgl: DoubleProperty [bound, value: 800.0]
14:28:02.840 [FXGL Background Thread 3 ] DEBUG Engine               - scaledWidthProp$fxgl: DoubleProperty [bound, value: 800.0]
14:28:02.840 [FXGL Background Thread 3 ] DEBUG Engine               - sceneFactory: com.almasb.fxgl.app.scene.SceneFactory@fd496ec
14:28:02.840 [FXGL Background Thread 3 ] DEBUG Engine               - secondsIn24h: 60
14:28:02.840 [FXGL Background Thread 3 ] DEBUG Engine               - soundMenuBack: menu/back.wav
14:28:02.840 [FXGL Background Thread 3 ] DEBUG Engine               - soundMenuPress: menu/press.wav
14:28:02.841 [FXGL Background Thread 3 ] DEBUG Engine               - soundMenuSelect: menu/select.wav
14:28:02.841 [FXGL Background Thread 3 ] DEBUG Engine               - soundNotification: core/notification.wav
14:28:02.841 [FXGL Background Thread 3 ] DEBUG Engine               - stageStyle: DECORATED
14:28:02.841 [FXGL Background Thread 3 ] DEBUG Engine               - supportedLanguages: [ENGLISH, FRENCH, GERMAN, HUNGARIAN, RUSSIAN]
14:28:02.841 [FXGL Background Thread 3 ] DEBUG Engine               - ticksPerSecond: -1
14:28:02.841 [FXGL Background Thread 3 ] DEBUG Engine               - title: Untitled
14:28:02.841 [FXGL Background Thread 3 ] DEBUG Engine               - urlGithub: https://github.com/AlmasB/FXGL
14:28:02.841 [FXGL Background Thread 3 ] DEBUG Engine               - urlLeaderboard: http://fxgl-top.herokuapp.com/
14:28:02.842 [FXGL Background Thread 3 ] DEBUG Engine               - urlPOM: https://raw.githubusercontent.com/AlmasB/FXGL/release/README.md
14:28:02.842 [FXGL Background Thread 3 ] DEBUG Engine               - userAppClass: class App
14:28:02.842 [FXGL Background Thread 3 ] DEBUG Engine               - version: 0.0
14:28:02.842 [FXGL Background Thread 3 ] DEBUG Engine               - versionCheckDays: 7
14:28:02.842 [FXGL Background Thread 3 ] DEBUG Engine               - width: 800
14:28:02.842 [FXGL Background Thread 3 ] DEBUG Engine               - Logging services
14:28:02.842 [FXGL Background Thread 3 ] DEBUG Engine               - class com.almasb.fxgl.app.services.FXGLAssetLoaderService
14:28:02.842 [FXGL Background Thread 3 ] DEBUG Engine               - class com.almasb.fxgl.app.FXGLApplication$GameApplicationService
14:28:02.843 [FXGL Background Thread 3 ] DEBUG Engine               - class com.almasb.fxgl.app.services.FXGLDialogService
14:28:02.843 [FXGL Background Thread 3 ] DEBUG Engine               - class com.almasb.fxgl.app.services.IOTaskExecutorService
14:28:02.843 [FXGL Background Thread 3 ] DEBUG Engine               - class com.almasb.fxgl.io.FileSystemService
14:28:02.843 [FXGL Background Thread 3 ] DEBUG Engine               - class com.almasb.fxgl.localization.LocalizationService
14:28:02.843 [FXGL Background Thread 3 ] DEBUG Engine               - class com.almasb.fxgl.app.services.SystemBundleService
14:28:02.843 [FXGL Background Thread 3 ] DEBUG Engine               - class com.almasb.fxgl.profile.SaveLoadService
14:28:02.843 [FXGL Background Thread 3 ] DEBUG Engine               - class com.almasb.fxgl.ui.FXGLUIFactoryServiceProvider
14:28:02.843 [FXGL Background Thread 3 ] DEBUG Engine               - class com.almasb.fxgl.ui.FXGLDialogFactoryServiceProvider
14:28:02.843 [FXGL Background Thread 3 ] DEBUG Engine               - class com.almasb.fxgl.audio.AudioPlayer
14:28:02.843 [FXGL Background Thread 3 ] DEBUG Engine               - class com.almasb.fxgl.notification.impl.NotificationServiceProvider
14:28:02.843 [FXGL Background Thread 3 ] DEBUG Engine               - class com.almasb.fxgl.achievement.AchievementService
14:28:02.844 [FXGL Background Thread 3 ] DEBUG Engine               - class com.almasb.fxgl.cutscene.CutsceneService
14:28:02.844 [FXGL Background Thread 3 ] DEBUG Engine               - class com.almasb.fxgl.minigames.MiniGameService
14:28:02.844 [FXGL Background Thread 3 ] DEBUG Engine               - class com.almasb.fxgl.net.NetService
14:28:02.844 [FXGL Background Thread 3 ] DEBUG Engine               - class com.almasb.fxgl.app.services.UpdaterService
14:28:02.844 [FXGL Background Thread 3 ] DEBUG Engine               - class com.almasb.fxgl.dev.DevService
14:29:35.565 [JavaFX Application Thread] DEBUG FXGLApplication      - Exiting FXGL
14:29:35.565 [JavaFX Application Thread] DEBUG LoopRunner           - Stopping loop
14:29:35.565 [JavaFX Application Thread] DEBUG SystemBundleService  - Saving FXGL system data
14:29:35.566 [JavaFX Application Thread] DEBUG FileSystemAccess     - Writing to: Z:\squareGame\system\fxgl.bundle
14:29:35.568 [JavaFX Application Thread] DEBUG Async                - Shutting down background threads
14:29:35.568 [JavaFX Application Thread] DEBUG PrimaryStageWindow   - Closing main window
14:29:35.605 [JavaFX Application Thread] DEBUG Logger               - Closing Logger
